running job
 ------------------------------------------------'------------------------
 Details prior to time stepping:
 Nx =          257 Ny =          257
 Max Tf =    1.0000000000000000      dt_dim =    9.9999999999999991E-005
 ------------------------------------------------'------------------------
 Steadystate:
 t_dim =   0.10000000000000187       steady =    2.1568281148365509E-002
 Steadystate:
 t_dim =   0.19999999999999599       steady =    2.1559415353991307E-002
 Steadystate:
 t_dim =   0.30000000000001154       steady =    1.8545778616156861E-002
 Steadystate:
 t_dim =   0.40000000000002700       steady =    1.3064387955224632E-002
 Steadystate:
 t_dim =   0.50000000000004252       steady =    9.5189382426763558E-003
 Steadystate:
 t_dim =   0.60000000000005804       steady =    6.6268745388714523E-003
 Steadystate:
 t_dim =   0.70000000000007356       steady =    4.7523610240189917E-003
 Steadystate:
 t_dim =   0.80000000000008031       steady =    3.2519899341948988E-003
 Steadystate:
 t_dim =   0.90000000000000813       steady =    2.2248689119104270E-003
 Steadystate:
 t_dim =   0.99999999999993594       steady =    1.4779574920794625E-003
 ------------------------------------------------'------------------------
 Num_cores =           48
 Physical Params: Re =    1.7777354508641673E-002 , rho =    1.0000000000000000      , mu =    2.6250699999999998E-002
 Spatial Params: Nx =          257 , Ny =          257 , GRID =            1
 Temporal Params: Tf =    1.0000000000000000      , dt =    9.9999999999999991E-005
 Total time: CPU time =    349.20086415599997     
 Avg CPU/dt =    3.4898222578442155E-002
 ------------------------------------------------'------------------------
job has finished
